<?xml version="1.0" encoding="UTF-8"?>
<testng-results ignored="0" total="1" passed="1" failed="0" skipped="0">
  <reporter-output>
  </reporter-output>
  <suite started-at="2023-01-06T20:09:19 IST" name="Default suite" finished-at="2023-01-06T20:10:34 IST" duration-ms="74746">
    <groups>
    </groups>
    <test started-at="2023-01-06T20:09:19 IST" name="Default test" finished-at="2023-01-06T20:10:34 IST" duration-ms="74746">
      <class name="Flipkart.TaskFeature.App">
        <test-method signature="assertion()[pri:0, instance:Flipkart.TaskFeature.App@4efc180e]" started-at="2023-01-06T20:09:19 IST" name="assertion" finished-at="2023-01-06T20:10:34 IST" duration-ms="74699" status="PASS">
          <reporter-output>
          </reporter-output>
        </test-method> <!-- assertion -->
      </class> <!-- Flipkart.TaskFeature.App -->
    </test> <!-- Default test -->
  </suite> <!-- Default suite -->
</testng-results>
